<?xml version="1.0" encoding="UTF-8"?>
<coverage generated="1751997751397" clover="3.2.0">
  <project timestamp="1751997751397" name="All files">
    <metrics statements="24" coveredstatements="23" conditionals="6" coveredconditionals="5" methods="11" coveredmethods="11" elements="41" coveredelements="39" complexity="0" loc="24" ncloc="24" packages="1" files="6" classes="6"/>
    <file name="chatWithCodeBase.js" path="/Users/thor/cursor-practice/src/chatWithCodeBase.js">
      <metrics statements="9" coveredstatements="9" conditionals="4" coveredconditionals="4" methods="4" coveredmethods="4"/>
      <line num="2" count="1" type="stmt"/>
      <line num="6" count="2" type="stmt"/>
      <line num="8" count="6" type="stmt"/>
      <line num="9" count="6" type="stmt"/>
      <line num="10" count="6" type="cond" truecount="2" falsecount="0"/>
      <line num="11" count="6" type="cond" truecount="2" falsecount="0"/>
      <line num="13" count="6" type="stmt"/>
      <line num="23" count="4" type="stmt"/>
      <line num="26" count="1" type="stmt"/>
    </file>
    <file name="composer.js" path="/Users/thor/cursor-practice/src/composer.js">
      <metrics statements="2" coveredstatements="2" conditionals="0" coveredconditionals="0" methods="1" coveredmethods="1"/>
      <line num="2" count="7" type="stmt"/>
      <line num="5" count="1" type="stmt"/>
    </file>
    <file name="composerUsageOne.js" path="/Users/thor/cursor-practice/src/composerUsageOne.js">
      <metrics statements="3" coveredstatements="3" conditionals="0" coveredconditionals="0" methods="2" coveredmethods="2"/>
      <line num="5" count="1" type="stmt"/>
      <line num="8" count="2" type="stmt"/>
      <line num="11" count="1" type="stmt"/>
    </file>
    <file name="composerUsageTwo.js" path="/Users/thor/cursor-practice/src/composerUsageTwo.js">
      <metrics statements="4" coveredstatements="4" conditionals="0" coveredconditionals="0" methods="2" coveredmethods="2"/>
      <line num="5" count="1" type="stmt"/>
      <line num="8" count="1" type="stmt"/>
      <line num="9" count="2" type="stmt"/>
      <line num="13" count="1" type="stmt"/>
    </file>
    <file name="main.js" path="/Users/thor/cursor-practice/src/main.js">
      <metrics statements="2" coveredstatements="2" conditionals="0" coveredconditionals="0" methods="1" coveredmethods="1"/>
      <line num="5" count="1" type="stmt"/>
      <line num="11" count="1" type="stmt"/>
    </file>
    <file name="shippingCalculator.js" path="/Users/thor/cursor-practice/src/shippingCalculator.js">
      <metrics statements="4" coveredstatements="3" conditionals="2" coveredconditionals="1" methods="1" coveredmethods="1"/>
      <line num="2" count="1" type="cond" truecount="1" falsecount="1"/>
      <line num="3" count="1" type="stmt"/>
      <line num="5" count="0" type="stmt"/>
      <line num="8" count="1" type="stmt"/>
    </file>
  </project>
</coverage>
