TN:
SF:src/chatWithCodeBase.js
FN:1,addChatNumbers
FN:5,processUserData
FN:7,(anonymous_2)
FN:23,(anonymous_3)
FNF:4
FNH:4
FNDA:1,addChatNumbers
FNDA:2,processUserData
FNDA:6,(anonymous_2)
FNDA:4,(anonymous_3)
DA:2,1
DA:6,2
DA:8,6
DA:9,6
DA:10,6
DA:11,6
DA:13,6
DA:23,4
DA:26,1
LF:9
LH:9
BRDA:10,0,0,4
BRDA:10,0,1,2
BRDA:11,1,0,4
BRDA:11,1,1,2
BRF:4
BRH:4
end_of_record
TN:
SF:src/composer.js
FN:1,multiply
FNF:1
FNH:1
FNDA:7,multiply
DA:2,7
DA:5,1
LF:2
LH:2
BRF:0
BRH:0
end_of_record
TN:
SF:src/composerUsageOne.js
FN:7,calculateRectangles
FN:8,(anonymous_1)
FNF:2
FNH:2
FNDA:1,calculateRectangles
FNDA:2,(anonymous_1)
DA:5,1
DA:8,2
DA:11,1
LF:3
LH:3
BRF:0
BRH:0
end_of_record
TN:
SF:src/composerUsageTwo.js
FN:7,calculateVolumes
FN:8,(anonymous_1)
FNF:2
FNH:2
FNDA:1,calculateVolumes
FNDA:2,(anonymous_1)
DA:5,1
DA:8,1
DA:9,2
DA:13,1
LF:4
LH:4
BRF:0
BRH:0
end_of_record
TN:
SF:src/main.js
FN:4,getAppInfo
FNF:1
FNH:1
FNDA:1,getAppInfo
DA:5,1
DA:11,1
LF:2
LH:2
BRF:0
BRH:0
end_of_record
TN:
SF:src/shippingCalculator.js
FN:1,calculateShipping
FNF:1
FNH:1
FNDA:1,calculateShipping
DA:2,1
DA:3,1
DA:5,0
DA:8,1
LF:4
LH:3
BRDA:2,0,0,1
BRDA:2,0,1,0
BRF:2
BRH:1
end_of_record
